  Building Custom Rule C:/Users/10048/Desktop/CodeCraft2024/CodeCraft2024/src/CMakeLists.txt
  berth.cpp
C:\Users\10048\Desktop\CodeCraft2024\CodeCraft2024\src\berth.h(1,1): warning C4819: 该文件包含不能在当前代码页(936)中表示的字符。请将该文件保存为 Unicode 格式以防止数据丢失
  (编译源文件“../src/berth.cpp”)
  
C:\Users\10048\Desktop\CodeCraft2024\CodeCraft2024\src\const.h(1,1): warning C4819: 该文件包含不能在当前代码页(936)中表示的字符。请将该文件保存为 Unicode 格式以防止数据丢失
  (编译源文件“../src/berth.cpp”)
  
C:\Users\10048\Desktop\CodeCraft2024\CodeCraft2024\src\const.h(66,101): warning C4244: “初始化”: 从“double”转换到“int”，可能丢失数据
  (编译源文件“../src/berth.cpp”)
  
C:\Users\10048\Desktop\CodeCraft2024\CodeCraft2024\src\const.h(67,47): warning C4244: “初始化”: 从“double”转换到“int”，可能丢失数据
  (编译源文件“../src/berth.cpp”)
  
  control.cpp
C:\Users\10048\Desktop\CodeCraft2024\CodeCraft2024\src\control.cpp(1,1): warning C4819: 该文件包含不能在当前代码页(936)中表示的字符。请将该文件保存为 Unicode 格式以防止数据丢失
C:\Users\10048\Desktop\CodeCraft2024\CodeCraft2024\src\model.h(1,1): warning C4819: 该文件包含不能在当前代码页(936)中表示的字符。请将该文件保存为 Unicode 格式以防止数据丢失
  (编译源文件“../src/control.cpp”)
  
C:\Users\10048\Desktop\CodeCraft2024\CodeCraft2024\src\const.h(1,1): warning C4819: 该文件包含不能在当前代码页(936)中表示的字符。请将该文件保存为 Unicode 格式以防止数据丢失
  (编译源文件“../src/control.cpp”)
  
C:\Users\10048\Desktop\CodeCraft2024\CodeCraft2024\src\const.h(66,101): warning C4244: “初始化”: 从“double”转换到“int”，可能丢失数据
  (编译源文件“../src/control.cpp”)
  
C:\Users\10048\Desktop\CodeCraft2024\CodeCraft2024\src\const.h(67,47): warning C4244: “初始化”: 从“double”转换到“int”，可能丢失数据
  (编译源文件“../src/control.cpp”)
  
C:\Users\10048\Desktop\CodeCraft2024\CodeCraft2024\src\robot.h(1,1): warning C4819: 该文件包含不能在当前代码页(936)中表示的字符。请将该文件保存为 Unicode 格式以防止数据丢失
  (编译源文件“../src/control.cpp”)
  
C:\Users\10048\Desktop\CodeCraft2024\CodeCraft2024\src\ship.h(1,1): warning C4819: 该文件包含不能在当前代码页(936)中表示的字符。请将该文件保存为 Unicode 格式以防止数据丢失
  (编译源文件“../src/control.cpp”)
  
C:\Users\10048\Desktop\CodeCraft2024\CodeCraft2024\src\berth.h(1,1): warning C4819: 该文件包含不能在当前代码页(936)中表示的字符。请将该文件保存为 Unicode 格式以防止数据丢失
  (编译源文件“../src/control.cpp”)
  
C:\Users\10048\Desktop\CodeCraft2024\CodeCraft2024\src\util.h(1,1): warning C4819: 该文件包含不能在当前代码页(936)中表示的字符。请将该文件保存为 Unicode 格式以防止数据丢失
  (编译源文件“../src/control.cpp”)
  
C:\Users\10048\Desktop\CodeCraft2024\CodeCraft2024\src\control.h(1,1): warning C4819: 该文件包含不能在当前代码页(936)中表示的字符。请将该文件保存为 Unicode 格式以防止数据丢失
  (编译源文件“../src/control.cpp”)
  
C:\Users\10048\Desktop\CodeCraft2024\CodeCraft2024\src\iointerface.h(1,1): warning C4819: 该文件包含不能在当前代码页(936)中表示的字符。请将该文件保存为 Unicode 格式以防止数据丢失
  (编译源文件“../src/control.cpp”)
  
  iointerface.cpp
C:\Users\10048\Desktop\CodeCraft2024\CodeCraft2024\src\iointerface.cpp(1,1): warning C4819: 该文件包含不能在当前代码页(936)中表示的字符。请将该文件保存为 Unicode 格式以防止数据丢失
C:\Users\10048\Desktop\CodeCraft2024\CodeCraft2024\src\iointerface.h(1,1): warning C4819: 该文件包含不能在当前代码页(936)中表示的字符。请将该文件保存为 Unicode 格式以防止数据丢失
  (编译源文件“../src/iointerface.cpp”)
  
C:\Users\10048\Desktop\CodeCraft2024\CodeCraft2024\src\model.h(1,1): warning C4819: 该文件包含不能在当前代码页(936)中表示的字符。请将该文件保存为 Unicode 格式以防止数据丢失
  (编译源文件“../src/iointerface.cpp”)
  
C:\Users\10048\Desktop\CodeCraft2024\CodeCraft2024\src\const.h(1,1): warning C4819: 该文件包含不能在当前代码页(936)中表示的字符。请将该文件保存为 Unicode 格式以防止数据丢失
  (编译源文件“../src/iointerface.cpp”)
  
C:\Users\10048\Desktop\CodeCraft2024\CodeCraft2024\src\const.h(66,101): warning C4244: “初始化”: 从“double”转换到“int”，可能丢失数据
  (编译源文件“../src/iointerface.cpp”)
  
C:\Users\10048\Desktop\CodeCraft2024\CodeCraft2024\src\const.h(67,47): warning C4244: “初始化”: 从“double”转换到“int”，可能丢失数据
  (编译源文件“../src/iointerface.cpp”)
  
C:\Users\10048\Desktop\CodeCraft2024\CodeCraft2024\src\robot.h(1,1): warning C4819: 该文件包含不能在当前代码页(936)中表示的字符。请将该文件保存为 Unicode 格式以防止数据丢失
  (编译源文件“../src/iointerface.cpp”)
  
C:\Users\10048\Desktop\CodeCraft2024\CodeCraft2024\src\ship.h(1,1): warning C4819: 该文件包含不能在当前代码页(936)中表示的字符。请将该文件保存为 Unicode 格式以防止数据丢失
  (编译源文件“../src/iointerface.cpp”)
  
C:\Users\10048\Desktop\CodeCraft2024\CodeCraft2024\src\berth.h(1,1): warning C4819: 该文件包含不能在当前代码页(936)中表示的字符。请将该文件保存为 Unicode 格式以防止数据丢失
  (编译源文件“../src/iointerface.cpp”)
  
C:\Users\10048\Desktop\CodeCraft2024\CodeCraft2024\src\util.h(1,1): warning C4819: 该文件包含不能在当前代码页(936)中表示的字符。请将该文件保存为 Unicode 格式以防止数据丢失
  (编译源文件“../src/iointerface.cpp”)
  
C:\Users\10048\Desktop\CodeCraft2024\CodeCraft2024\src\iointerface.cpp(14,4): warning C4996: 'scanf': This function or variable may be unsafe. Consider using scanf_s instead. To disable deprecation, use _CRT_SECURE_NO_WARNINGS. See online help for details.
C:\Users\10048\Desktop\CodeCraft2024\CodeCraft2024\src\iointerface.cpp(19,4): warning C4996: 'scanf': This function or variable may be unsafe. Consider using scanf_s instead. To disable deprecation, use _CRT_SECURE_NO_WARNINGS. See online help for details.
C:\Users\10048\Desktop\CodeCraft2024\CodeCraft2024\src\iointerface.cpp(43,3): warning C4996: 'scanf': This function or variable may be unsafe. Consider using scanf_s instead. To disable deprecation, use _CRT_SECURE_NO_WARNINGS. See online help for details.
C:\Users\10048\Desktop\CodeCraft2024\CodeCraft2024\src\iointerface.cpp(50,6): warning C4996: 'scanf': This function or variable may be unsafe. Consider using scanf_s instead. To disable deprecation, use _CRT_SECURE_NO_WARNINGS. See online help for details.
C:\Users\10048\Desktop\CodeCraft2024\CodeCraft2024\src\iointerface.cpp(56,3): warning C4996: 'scanf': This function or variable may be unsafe. Consider using scanf_s instead. To disable deprecation, use _CRT_SECURE_NO_WARNINGS. See online help for details.
C:\Users\10048\Desktop\CodeCraft2024\CodeCraft2024\src\iointerface.cpp(57,3): warning C4996: 'scanf': This function or variable may be unsafe. Consider using scanf_s instead. To disable deprecation, use _CRT_SECURE_NO_WARNINGS. See online help for details.
C:\Users\10048\Desktop\CodeCraft2024\CodeCraft2024\src\iointerface.cpp(61,4): warning C4996: 'scanf': This function or variable may be unsafe. Consider using scanf_s instead. To disable deprecation, use _CRT_SECURE_NO_WARNINGS. See online help for details.
C:\Users\10048\Desktop\CodeCraft2024\CodeCraft2024\src\iointerface.cpp(79,4): warning C4996: 'scanf': This function or variable may be unsafe. Consider using scanf_s instead. To disable deprecation, use _CRT_SECURE_NO_WARNINGS. See online help for details.
C:\Users\10048\Desktop\CodeCraft2024\CodeCraft2024\src\iointerface.cpp(92,4): warning C4996: 'scanf': This function or variable may be unsafe. Consider using scanf_s instead. To disable deprecation, use _CRT_SECURE_NO_WARNINGS. See online help for details.
C:\Users\10048\Desktop\CodeCraft2024\CodeCraft2024\src\iointerface.cpp(97,3): warning C4996: 'scanf': This function or variable may be unsafe. Consider using scanf_s instead. To disable deprecation, use _CRT_SECURE_NO_WARNINGS. See online help for details.
  main.cpp
C:\Users\10048\Desktop\CodeCraft2024\CodeCraft2024\src\main.cpp(1,1): warning C4819: 该文件包含不能在当前代码页(936)中表示的字符。请将该文件保存为 Unicode 格式以防止数据丢失
C:\Users\10048\Desktop\CodeCraft2024\CodeCraft2024\src\iointerface.h(1,1): warning C4819: 该文件包含不能在当前代码页(936)中表示的字符。请将该文件保存为 Unicode 格式以防止数据丢失
  (编译源文件“../src/main.cpp”)
  
C:\Users\10048\Desktop\CodeCraft2024\CodeCraft2024\src\model.h(1,1): warning C4819: 该文件包含不能在当前代码页(936)中表示的字符。请将该文件保存为 Unicode 格式以防止数据丢失
  (编译源文件“../src/main.cpp”)
  
C:\Users\10048\Desktop\CodeCraft2024\CodeCraft2024\src\const.h(1,1): warning C4819: 该文件包含不能在当前代码页(936)中表示的字符。请将该文件保存为 Unicode 格式以防止数据丢失
  (编译源文件“../src/main.cpp”)
  
C:\Users\10048\Desktop\CodeCraft2024\CodeCraft2024\src\const.h(66,101): warning C4244: “初始化”: 从“double”转换到“int”，可能丢失数据
  (编译源文件“../src/main.cpp”)
  
C:\Users\10048\Desktop\CodeCraft2024\CodeCraft2024\src\const.h(67,47): warning C4244: “初始化”: 从“double”转换到“int”，可能丢失数据
  (编译源文件“../src/main.cpp”)
  
C:\Users\10048\Desktop\CodeCraft2024\CodeCraft2024\src\robot.h(1,1): warning C4819: 该文件包含不能在当前代码页(936)中表示的字符。请将该文件保存为 Unicode 格式以防止数据丢失
  (编译源文件“../src/main.cpp”)
  
C:\Users\10048\Desktop\CodeCraft2024\CodeCraft2024\src\ship.h(1,1): warning C4819: 该文件包含不能在当前代码页(936)中表示的字符。请将该文件保存为 Unicode 格式以防止数据丢失
  (编译源文件“../src/main.cpp”)
  
C:\Users\10048\Desktop\CodeCraft2024\CodeCraft2024\src\berth.h(1,1): warning C4819: 该文件包含不能在当前代码页(936)中表示的字符。请将该文件保存为 Unicode 格式以防止数据丢失
  (编译源文件“../src/main.cpp”)
  
C:\Users\10048\Desktop\CodeCraft2024\CodeCraft2024\src\control.h(1,1): warning C4819: 该文件包含不能在当前代码页(936)中表示的字符。请将该文件保存为 Unicode 格式以防止数据丢失
  (编译源文件“../src/main.cpp”)
  
C:\Users\10048\Desktop\CodeCraft2024\CodeCraft2024\src\util.h(1,1): warning C4819: 该文件包含不能在当前代码页(936)中表示的字符。请将该文件保存为 Unicode 格式以防止数据丢失
  (编译源文件“../src/main.cpp”)
  
C:\Users\10048\Desktop\CodeCraft2024\CodeCraft2024\src\main.cpp(11,12): warning C4244: “参数”: 从“time_t”转换到“unsigned int”，可能丢失数据
  model.cpp
C:\Users\10048\Desktop\CodeCraft2024\CodeCraft2024\src\model.cpp(1,1): warning C4819: 该文件包含不能在当前代码页(936)中表示的字符。请将该文件保存为 Unicode 格式以防止数据丢失
C:\Users\10048\Desktop\CodeCraft2024\CodeCraft2024\src\model.h(1,1): warning C4819: 该文件包含不能在当前代码页(936)中表示的字符。请将该文件保存为 Unicode 格式以防止数据丢失
  (编译源文件“../src/model.cpp”)
  
C:\Users\10048\Desktop\CodeCraft2024\CodeCraft2024\src\const.h(1,1): warning C4819: 该文件包含不能在当前代码页(936)中表示的字符。请将该文件保存为 Unicode 格式以防止数据丢失
  (编译源文件“../src/model.cpp”)
  
C:\Users\10048\Desktop\CodeCraft2024\CodeCraft2024\src\const.h(66,101): warning C4244: “初始化”: 从“double”转换到“int”，可能丢失数据
  (编译源文件“../src/model.cpp”)
  
C:\Users\10048\Desktop\CodeCraft2024\CodeCraft2024\src\const.h(67,47): warning C4244: “初始化”: 从“double”转换到“int”，可能丢失数据
  (编译源文件“../src/model.cpp”)
  
C:\Users\10048\Desktop\CodeCraft2024\CodeCraft2024\src\robot.h(1,1): warning C4819: 该文件包含不能在当前代码页(936)中表示的字符。请将该文件保存为 Unicode 格式以防止数据丢失
  (编译源文件“../src/model.cpp”)
  
C:\Users\10048\Desktop\CodeCraft2024\CodeCraft2024\src\ship.h(1,1): warning C4819: 该文件包含不能在当前代码页(936)中表示的字符。请将该文件保存为 Unicode 格式以防止数据丢失
  (编译源文件“../src/model.cpp”)
  
C:\Users\10048\Desktop\CodeCraft2024\CodeCraft2024\src\berth.h(1,1): warning C4819: 该文件包含不能在当前代码页(936)中表示的字符。请将该文件保存为 Unicode 格式以防止数据丢失
  (编译源文件“../src/model.cpp”)
  
  robot.cpp
C:\Users\10048\Desktop\CodeCraft2024\CodeCraft2024\src\robot.h(1,1): warning C4819: 该文件包含不能在当前代码页(936)中表示的字符。请将该文件保存为 Unicode 格式以防止数据丢失
  (编译源文件“../src/robot.cpp”)
  
C:\Users\10048\Desktop\CodeCraft2024\CodeCraft2024\src\const.h(1,1): warning C4819: 该文件包含不能在当前代码页(936)中表示的字符。请将该文件保存为 Unicode 格式以防止数据丢失
  (编译源文件“../src/robot.cpp”)
  
C:\Users\10048\Desktop\CodeCraft2024\CodeCraft2024\src\const.h(66,101): warning C4244: “初始化”: 从“double”转换到“int”，可能丢失数据
  (编译源文件“../src/robot.cpp”)
  
C:\Users\10048\Desktop\CodeCraft2024\CodeCraft2024\src\const.h(67,47): warning C4244: “初始化”: 从“double”转换到“int”，可能丢失数据
  (编译源文件“../src/robot.cpp”)
  
  ship.cpp
C:\Users\10048\Desktop\CodeCraft2024\CodeCraft2024\src\ship.h(1,1): warning C4819: 该文件包含不能在当前代码页(936)中表示的字符。请将该文件保存为 Unicode 格式以防止数据丢失
  (编译源文件“../src/ship.cpp”)
  
C:\Users\10048\Desktop\CodeCraft2024\CodeCraft2024\src\const.h(1,1): warning C4819: 该文件包含不能在当前代码页(936)中表示的字符。请将该文件保存为 Unicode 格式以防止数据丢失
  (编译源文件“../src/ship.cpp”)
  
C:\Users\10048\Desktop\CodeCraft2024\CodeCraft2024\src\const.h(66,101): warning C4244: “初始化”: 从“double”转换到“int”，可能丢失数据
  (编译源文件“../src/ship.cpp”)
  
C:\Users\10048\Desktop\CodeCraft2024\CodeCraft2024\src\const.h(67,47): warning C4244: “初始化”: 从“double”转换到“int”，可能丢失数据
  (编译源文件“../src/ship.cpp”)
  
  util.cpp
C:\Users\10048\Desktop\CodeCraft2024\CodeCraft2024\src\util.cpp(1,1): warning C4819: 该文件包含不能在当前代码页(936)中表示的字符。请将该文件保存为 Unicode 格式以防止数据丢失
C:\Users\10048\Desktop\CodeCraft2024\CodeCraft2024\src\util.h(1,1): warning C4819: 该文件包含不能在当前代码页(936)中表示的字符。请将该文件保存为 Unicode 格式以防止数据丢失
  (编译源文件“../src/util.cpp”)
  
C:\Users\10048\Desktop\CodeCraft2024\CodeCraft2024\src\const.h(1,1): warning C4819: 该文件包含不能在当前代码页(936)中表示的字符。请将该文件保存为 Unicode 格式以防止数据丢失
  (编译源文件“../src/util.cpp”)
  
C:\Users\10048\Desktop\CodeCraft2024\CodeCraft2024\src\const.h(66,101): warning C4244: “初始化”: 从“double”转换到“int”，可能丢失数据
  (编译源文件“../src/util.cpp”)
  
C:\Users\10048\Desktop\CodeCraft2024\CodeCraft2024\src\const.h(67,47): warning C4244: “初始化”: 从“double”转换到“int”，可能丢失数据
  (编译源文件“../src/util.cpp”)
  
C:\Users\10048\Desktop\CodeCraft2024\CodeCraft2024\src\model.h(1,1): warning C4819: 该文件包含不能在当前代码页(936)中表示的字符。请将该文件保存为 Unicode 格式以防止数据丢失
  (编译源文件“../src/util.cpp”)
  
C:\Users\10048\Desktop\CodeCraft2024\CodeCraft2024\src\robot.h(1,1): warning C4819: 该文件包含不能在当前代码页(936)中表示的字符。请将该文件保存为 Unicode 格式以防止数据丢失
  (编译源文件“../src/util.cpp”)
  
C:\Users\10048\Desktop\CodeCraft2024\CodeCraft2024\src\ship.h(1,1): warning C4819: 该文件包含不能在当前代码页(936)中表示的字符。请将该文件保存为 Unicode 格式以防止数据丢失
  (编译源文件“../src/util.cpp”)
  
C:\Users\10048\Desktop\CodeCraft2024\CodeCraft2024\src\berth.h(1,1): warning C4819: 该文件包含不能在当前代码页(936)中表示的字符。请将该文件保存为 Unicode 格式以防止数据丢失
  (编译源文件“../src/util.cpp”)
  
C:\Users\10048\Desktop\CodeCraft2024\CodeCraft2024\src\util.cpp(298,10): warning C4244: “初始化”: 从“double”转换到“int”，可能丢失数据
C:\Users\10048\Desktop\CodeCraft2024\CodeCraft2024\src\util.cpp(313,28): warning C4244: “初始化”: 从“double”转换到“int”，可能丢失数据
C:\Users\10048\Desktop\CodeCraft2024\CodeCraft2024\src\util.cpp(324,36): warning C4267: “/=”: 从“size_t”转换到“_Ty”，可能丢失数据
C:\Users\10048\Desktop\CodeCraft2024\CodeCraft2024\src\util.cpp(324,36): warning C4267:         with
C:\Users\10048\Desktop\CodeCraft2024\CodeCraft2024\src\util.cpp(324,36): warning C4267:         [
C:\Users\10048\Desktop\CodeCraft2024\CodeCraft2024\src\util.cpp(324,36): warning C4267:             _Ty=int
C:\Users\10048\Desktop\CodeCraft2024\CodeCraft2024\src\util.cpp(324,36): warning C4267:         ]
C:\Users\10048\Desktop\CodeCraft2024\CodeCraft2024\src\util.cpp(324,70): warning C4267: “/=”: 从“size_t”转换到“_Ty”，可能丢失数据
C:\Users\10048\Desktop\CodeCraft2024\CodeCraft2024\src\util.cpp(324,70): warning C4267:         with
C:\Users\10048\Desktop\CodeCraft2024\CodeCraft2024\src\util.cpp(324,70): warning C4267:         [
C:\Users\10048\Desktop\CodeCraft2024\CodeCraft2024\src\util.cpp(324,70): warning C4267:             _Ty=int
C:\Users\10048\Desktop\CodeCraft2024\CodeCraft2024\src\util.cpp(324,70): warning C4267:         ]
C:\Users\10048\Desktop\CodeCraft2024\CodeCraft2024\src\util.cpp(351,79): warning C4244: “初始化”: 从“double”转换到“int”，可能丢失数据
C:\Users\10048\Desktop\CodeCraft2024\CodeCraft2024\src\util.cpp(359,39): warning C4267: “=”: 从“size_t”转换到“int”，可能丢失数据
C:\Users\10048\Desktop\CodeCraft2024\CodeCraft2024\src\util.cpp(364,44): warning C4267: “=”: 从“size_t”转换到“int”，可能丢失数据
  正在生成代码...
  main.vcxproj -> C:\Users\10048\Desktop\CodeCraft2024\CodeCraft2024\build\Release\main.exe
